<?xml version="1.0" encoding="UTF-8"?>
<!-- Generated by org.testng.reporters.JUnitXMLReporter -->
<testsuite ignored="2" hostname="Rania-LAP" failures="0" tests="4" name="Test" time="143.283" errors="0" timestamp="2020-11-28T00:22:49 EET">
  <testcase classname="tests.SearchingForCarsTest" name="SearchTest" time="79.67"/>
  <testcase classname="tests.AddAdvertisingTest" name="Add_Advertising_InVaildLogin" time="3.1"/>
  <testcase classname="tests.AddAdvertisingTest" name="Add_Advertising_VaildLogin" time="6.947"/>
  <testcase classname="tests.AddAdvertisingTest" name="FillForm" time="53.502"/>
  <testcase classname="tests.TestBase" name="@AfterSuite StopDriver" time="0.0">
    <ignored/>
  </testcase> <!-- @AfterSuite StopDriver -->
  <testcase classname="tests.TestBase" name="@BeforeSuite StartDriver" time="0.0">
    <ignored/>
  </testcase> <!-- @BeforeSuite StartDriver -->
</testsuite> <!-- Test -->
